Arguments: 
  C:\Program Files\nodejs\node.exe C:\Program Files (x86)\Yarn\bin\yarn.js

PATH: 
  C:\Program Files\Git\mingw64\bin;C:\Program Files\Git\usr\bin;C:\Users\dmail\bin;C:\Python27;C:\Python27\Scripts;C:\Python311\Scripts;C:\Python311;C:\Program Files (x86)\Common Files\Oracle\Java\javapath;C:\Windows\system32;C:\Windows;C:\Windows\System32\Wbem;C:\Windows\System32\WindowsPowerShell\v1.0;C:\Windows\System32\OpenSSH;C:\Program Files\Git\cmd;C:\minikube;C:\mingw64\bin;C:\Program Files\Geth;C:\Program Files\Go\bin;C:\Program Files\PuTTY;C:\Program Files\Bandizip;C:\Program Files\Docker\Docker\resources\bin;C:\Program Files (x86)\Yarn\bin;C:\Program Files\nodejs;C:\ProgramData\chocolatey\bin;C:\Program Files (x86)\GTK2-Runtime\bin;C:\Users\dmail\.cargo\bin;C:\Users\dmail\AppData\Local\pnpm;C:\Users\dmail\AppData\Local\Microsoft\WindowsApps;C:\Users\dmail\AppData\Local\JetBrains\Toolbox\scripts;C:\Users\dmail\AppData\Local\Programs\Microsoft VS Code\bin;C:\Users\dmail\go\bin;C:\Users\dmail\AppData\Local\Yarn\bin;C:\Users\dmail\AppData\Roaming\npm;C:\libjpeg-turbo64\bin

Yarn version: 
  1.22.19

Node version: 
  18.15.0

Platform: 
  win32 x64

Trace: 
  Error: ENOENT: no such file or directory, copyfile 'C:\Users\dmail\AppData\Local\Yarn\Cache\v6\npm-ansi-styles-3.2.1-41fbb20243e50b12be0f04b8dedbf07520ce841d-integrity\node_modules\ansi-styles\index.js' -> 'E:\workspace\mxc\aave-v3-deploy\node_modules\@nomiclabs\hardhat-etherscan\node_modules\ansi-styles\index.js'

npm manifest: 
  {
    "name": "@aave/deploy-v3",
    "version": "1.55.3",
    "files": [
      "dist",
      "LICENSE",
      "README.md",
      "contracts/testnet-helpers",
      "artifacts"
    ],
    "engines": {
      "node": ">=16.0.0"
    },
    "types": "dist/types/helpers/index.d.ts",
    "author": "Aave",
    "contributors": [
      "David Racero <david.k@aave.com>",
      "Miguel Martinez <miguel@aave.com>",
      "Steven Valeri <steven@aave.com>",
      "Emilio Frangella <emilio@aave.com>"
    ],
    "main": "dist/helpers/index.js",
    "devDependencies": {
      "@aave/aave-token": "^1.0.4",
      "@aave/core-v3": "^1.17.1",
      "@aave/periphery-v3": "^1.23.1",
      "@aave/safety-module": "^1.0.3",
      "@nomicfoundation/hardhat-chai-matchers": "^1.0.5",
      "@nomicfoundation/hardhat-toolbox": "^2.0.0",
      "@nomiclabs/hardhat-etherscan": "^3.1.0",
      "@openzeppelin/contracts": "^4.3.2",
      "@types/bluebird": "^3.5.36",
      "@types/chai": "^4.2.21",
      "@types/mkdirp": "^1.0.2",
      "@types/mocha": "^9.0.0",
      "@types/node": "^16.7.1",
      "bluebird": "^3.7.2",
      "chai": "^4.3.4",
      "chalk": "^4.1.2",
      "dotenv": "^10.0.0",
      "ethers": "^5.4.7",
      "hardhat": "^2.12.4",
      "hardhat-contract-sizer": "^2.0.3",
      "hardhat-dependency-compiler": "^1.1.2",
      "hardhat-deploy": "^0.10.6",
      "jsondiffpatch": "^0.4.1",
      "prettier": "^2.3.2",
      "ts-node": "^10.2.1",
      "tslint": "^6.1.3",
      "tslint-config-prettier": "^1.18.0",
      "tslint-plugin-prettier": "^2.3.0",
      "typescript": "^4.3.2"
    },
    "license": "AGPLv3",
    "scripts": {
      "run-env": "npm ci && tail -f /dev/null",
      "cp-typechain": "cp typechain/*.d.ts ./dist/types/typechain",
      "build": "tsc --project lib.tsconfig.json && npm run cp-typechain",
      "clean": "rm -rf artifacts/ types/ dist/ typechain/",
      "compile": "SKIP_LOAD=true npx hardhat compile",
      "prepublish": "npm run clean && npm run compile && npm run build",
      "node": "npx hardhat node --no-deploy",
      "node:fork": "FORK=main npm run node --no-deploy",
      "deploy": "if [ \"$SKIP_COMPILE\" = 'true' ]; then echo '[Warning] Skipping compilation'; else npm run compile; fi && npx hardhat deploy --no-compile",
      "test": "npm run compile && npm run test:fork",
      "test:fork": "MARKET_NAME=Aave FORK=main npx hardhat test ./tests/__setup.spec.ts ./tests/fork/check-list.spec.ts",
      "test:ethereum:fork": "TRANSFER_OWNERSHIP=true  FORK=main MARKET_NAME=Ethereum npx hardhat test ./tests/ethereum/ethereum.*.spec.ts",
      "deploy:market:aave:fork": "FORK=main MARKET_NAME=Aave npm run deploy",
      "deploy:market:eth:empty:fork": "FORK=main MARKET_NAME=Ethereum npm run deploy"
    },
    "peerDependencies": {
      "@aave/core-v3": "x || >=1.0.0-beta || >=3.0.0-beta",
      "@aave/periphery-v3": "x || >=1.0.0-beta || >=3.0.0-beta",
      "hardhat": "^2.6.1"
    },
    "publishConfig": {
      "registry": " https://registry.npmjs.org"
    },
    "repository": {
      "type": "git",
      "url": "git://github.com/aave/aave-v3-deploy"
    },
    "dependencies": {
      "defender-relay-client": "^1.11.1"
    }
  }

yarn manifest: 
  No manifest

Lockfile: 
  No lockfile
